<?xml version="1.0" encoding="UTF-8"?>
<testsuite xmlns:xsi="http://www.w3.org/2001/XMLSchema-instance" xsi:noNamespaceSchemaLocation="https://maven.apache.org/surefire/maven-surefire-plugin/xsd/surefire-test-report-3.0.xsd" version="3.0" name="ContractTests.SWApiStarshipsSchemaTests" time="11.576" tests="18" errors="0" skipped="0" failures="0">
  <properties>
[...]
</properties>
  <testcase name="testSchema{String}[1]" classname="ContractTests.SWApiStarshipsSchemaTests" time="0.142"/>
  <testcase name="testSchema{String}[2]" classname="ContractTests.SWApiStarshipsSchemaTests" time="0.055"/>
  <testcase name="testSchema{String}[3]" classname="ContractTests.SWApiStarshipsSchemaTests" time="0.038"/>
  <testcase name="testSchema{String}[4]" classname="ContractTests.SWApiStarshipsSchemaTests" time="0.038"/>
  <testcase name="testSchema{String}[5]" classname="ContractTests.SWApiStarshipsSchemaTests" time="0.048"/>
  <testcase name="testSchema{String}[6]" classname="ContractTests.SWApiStarshipsSchemaTests" time="0.041"/>
  <testcase name="testSchema{String}[7]" classname="ContractTests.SWApiStarshipsSchemaTests" time="0.054"/>
  <testcase name="testSchema{String}[8]" classname="ContractTests.SWApiStarshipsSchemaTests" time="0.041"/>
  <testcase name="testSchema{String}[9]" classname="ContractTests.SWApiStarshipsSchemaTests" time="0.053"/>
  <testcase name="testSchema{String}[10]" classname="ContractTests.SWApiStarshipsSchemaTests" time="0.053"/>
  <testcase name="testSchema{String}[11]" classname="ContractTests.SWApiStarshipsSchemaTests" time="0.056"/>
  <testcase name="testSchema{String}[12]" classname="ContractTests.SWApiStarshipsSchemaTests" time="0.056"/>
  <testcase name="testSchema{String}[13]" classname="ContractTests.SWApiStarshipsSchemaTests" time="0.039"/>
  <testcase name="testSchema{String}[14]" classname="ContractTests.SWApiStarshipsSchemaTests" time="0.044"/>
  <testcase name="testSchema{String}[15]" classname="ContractTests.SWApiStarshipsSchemaTests" time="0.039"/>
  <testcase name="testSchema{String}[16]" classname="ContractTests.SWApiStarshipsSchemaTests" time="0.039"/>
  <testcase name="testSchema{String}[17]" classname="ContractTests.SWApiStarshipsSchemaTests" time="0.057"/>
  <testcase name="testSchema{String}[18]" classname="ContractTests.SWApiStarshipsSchemaTests" time="0.039"/>
</testsuite>